app/app/build/outputs/logs/manifest-merger-release-report.txt
-- Merging decision tree log ---
manifest
ADDED from src/main/AndroidManifest.xml:26:1-187:12
	package
		ADDED from src/main/AndroidManifest.xml:28:5-43
		INJECTED from src/main/AndroidManifest.xml
		INJECTED from src/main/AndroidManifest.xml
	android:sharedUserId
		ADDED from src/main/AndroidManifest.xml:29:5-52
	android:sharedUserLabel
		ADDED from src/main/AndroidManifest.xml:30:5-58
	android:versionName
		INJECTED from src/main/AndroidManifest.xml
		INJECTED from src/main/AndroidManifest.xml
	xmlns:android
		ADDED from src/main/AndroidManifest.xml:27:5-63
	android:versionCode
		INJECTED from src/main/AndroidManifest.xml
		INJECTED from src/main/AndroidManifest.xml
uses-permission#android.permission.ACCESS_SUPERUSER
ADDED from src/main/AndroidManifest.xml:38:5-75
	android:name
		ADDED from src/main/AndroidManifest.xml:38:22-72
uses-permission#android.permission.VIBRATE
ADDED from src/main/AndroidManifest.xml:47:5-66
	android:name
		ADDED from src/main/AndroidManifest.xml:47:22-63
uses-permission#android.permission.WAKE_LOCK
ADDED from src/main/AndroidManifest.xml:49:5-68
	android:name
		ADDED from src/main/AndroidManifest.xml:49:22-65
uses-permission#android.permission.WRITE_EXTERNAL_STORAGE
ADDED from src/main/AndroidManifest.xml:59:5-80
	android:name
		ADDED from src/main/AndroidManifest.xml:59:22-78
uses-permission#android.permission.READ_EXTERNAL_STORAGE
ADDED from src/main/AndroidManifest.xml:61:5-80
	android:name
		ADDED from src/main/AndroidManifest.xml:61:22-77
application
ADDED from src/main/AndroidManifest.xml:69:5-185:19
MERGED from [com.sa90.materialarcmenu:library:1.4] AndroidManifest.xml:11:5-15:19
MERGED from [com.android.support:design:23.1.1] AndroidManifest.xml:22:5-20
MERGED from [com.android.support:appcompat-v7:23.4.0] AndroidManifest.xml:25:5-20
MERGED from [com.android.support:animated-vector-drawable:23.4.0] AndroidManifest.xml:7:5-20
MERGED from [com.android.support:support-vector-drawable:23.4.0] AndroidManifest.xml:7:5-20
MERGED from [com.android.support:support-v4:23.4.0] AndroidManifest.xml:22:5-20
MERGED from [com.android.support:cardview-v7:23.1.1] AndroidManifest.xml:22:5-20
MERGED from [com.roughike:swipe-selector:1.0.6] AndroidManifest.xml:11:5-15:19
MERGED from [com.android.support:preference-v7:23.4.0] AndroidManifest.xml:9:5-20
MERGED from [com.karumi:dexter:2.2.2] AndroidManifest.xml:26:5-31:19
	android:label
		ADDED from src/main/AndroidManifest.xml:73:9-41
	android:supportsRtl
		ADDED from src/main/AndroidManifest.xml:74:9-35
	android:allowBackup
		ADDED from src/main/AndroidManifest.xml:71:9-35
	android:icon
		ADDED from src/main/AndroidManifest.xml:72:9-42
	android:theme
		ADDED from src/main/AndroidManifest.xml:75:9-40
	android:name
		ADDED from src/main/AndroidManifest.xml:70:9-77
activity#pylapp.smoothclicker.android.views.SplashScreenActivity
ADDED from src/main/AndroidManifest.xml:83:9-91:20
	android:theme
		ADDED from src/main/AndroidManifest.xml:85:13-80
	android:name
		ADDED from src/main/AndroidManifest.xml:84:13-55
intent-filter#android.intent.action.MAIN+android.intent.category.LAUNCHER
ADDED from src/main/AndroidManifest.xml:86:13-89:29
action#android.intent.action.MAIN
ADDED from src/main/AndroidManifest.xml:87:17-69
	android:name
		ADDED from src/main/AndroidManifest.xml:87:25-66
category#android.intent.category.LAUNCHER
ADDED from src/main/AndroidManifest.xml:88:17-77
	android:name
		ADDED from src/main/AndroidManifest.xml:88:27-74
activity#pylapp.smoothclicker.android.views.IntroScreensActivity
ADDED from src/main/AndroidManifest.xml:94:9-97:82
	android:label
		ADDED from src/main/AndroidManifest.xml:96:13-46
	android:theme
		ADDED from src/main/AndroidManifest.xml:97:13-80
	android:name
		ADDED from src/main/AndroidManifest.xml:95:13-55
activity#pylapp.smoothclicker.android.views.ClickerActivity
ADDED from src/main/AndroidManifest.xml:100:9-110:20
	android:label
		ADDED from src/main/AndroidManifest.xml:102:13-45
	android:windowSoftInputMode
		ADDED from src/main/AndroidManifest.xml:104:13-54
	android:theme
		ADDED from src/main/AndroidManifest.xml:103:13-56
	android:name
		ADDED from src/main/AndroidManifest.xml:101:13-50
intent-filter#android.intent.action.VIEW
ADDED from src/main/AndroidManifest.xml:106:13-108:29
action#android.intent.action.VIEW
ADDED from src/main/AndroidManifest.xml:107:17-69
	android:name
		ADDED from src/main/AndroidManifest.xml:107:25-66
activity#pylapp.smoothclicker.android.views.CreditsActivity
ADDED from src/main/AndroidManifest.xml:113:9-115:83
	android:theme
		ADDED from src/main/AndroidManifest.xml:115:13-80
	android:name
		ADDED from src/main/AndroidManifest.xml:114:13-50
activity#pylapp.smoothclicker.android.views.SelectMultiPointsActivity
ADDED from src/main/AndroidManifest.xml:118:9-120:56
	android:theme
		ADDED from src/main/AndroidManifest.xml:120:13-53
	android:name
		ADDED from src/main/AndroidManifest.xml:119:13-60
activity#pylapp.smoothclicker.android.views.SettingsActivity
ADDED from src/main/AndroidManifest.xml:123:9-124:54
	android:name
		ADDED from src/main/AndroidManifest.xml:124:13-51
activity#pylapp.smoothclicker.android.views.StandaloneActivity
ADDED from src/main/AndroidManifest.xml:127:9-132:38
	android:screenOrientation
		ADDED from src/main/AndroidManifest.xml:130:13-49
	android:label
		ADDED from src/main/AndroidManifest.xml:129:13-56
	android:exported
		ADDED from src/main/AndroidManifest.xml:132:13-36
	android:theme
		ADDED from src/main/AndroidManifest.xml:131:13-64
	android:name
		ADDED from src/main/AndroidManifest.xml:128:13-53
service#pylapp.smoothclicker.android.clickers.ServiceClicker
ADDED from src/main/AndroidManifest.xml:138:9-152:19
	android:enabled
		ADDED from src/main/AndroidManifest.xml:141:13-35
	android:label
		ADDED from src/main/AndroidManifest.xml:140:13-65
	android:exported
		ADDED from src/main/AndroidManifest.xml:142:13-36
	android:name
		ADDED from src/main/AndroidManifest.xml:139:13-52
intent-filter#pylapp.smoothclicker.android.clickers.ServiceClicker.START
ADDED from src/main/AndroidManifest.xml:143:13-145:29
action#pylapp.smoothclicker.android.clickers.ServiceClicker.START
ADDED from src/main/AndroidManifest.xml:144:17-101
	android:name
		ADDED from src/main/AndroidManifest.xml:144:25-98
intent-filter#pylapp.smoothclicker.android.clickers.ServiceClicker.STOP
ADDED from src/main/AndroidManifest.xml:146:13-148:29
action#pylapp.smoothclicker.android.clickers.ServiceClicker.STOP
ADDED from src/main/AndroidManifest.xml:147:17-100
	android:name
		ADDED from src/main/AndroidManifest.xml:147:25-97
intent-filter#pylapp.smoothclicker.android.clickers.ServiceClicker.WAKEUP
ADDED from src/main/AndroidManifest.xml:149:13-151:29
action#pylapp.smoothclicker.android.clickers.ServiceClicker.WAKEUP
ADDED from src/main/AndroidManifest.xml:150:17-102
	android:name
		ADDED from src/main/AndroidManifest.xml:150:25-99
receiver#pylapp.smoothclicker.android.receivers.BRClicker
ADDED from src/main/AndroidManifest.xml:160:9-173:20
	android:name
		ADDED from src/main/AndroidManifest.xml:161:13-48
intent-filter#android.intent.action.BOOT_COMPLETED
ADDED from src/main/AndroidManifest.xml:162:13-164:29
action#android.intent.action.BOOT_COMPLETED
ADDED from src/main/AndroidManifest.xml:163:17-78
	android:name
		ADDED from src/main/AndroidManifest.xml:163:25-76
intent-filter#android.intent.action.ACTION_BATTERY_LOW
ADDED from src/main/AndroidManifest.xml:165:13-167:29
action#android.intent.action.ACTION_BATTERY_LOW
ADDED from src/main/AndroidManifest.xml:166:17-82
	android:name
		ADDED from src/main/AndroidManifest.xml:166:25-80
uses-sdk
INJECTED from src/main/AndroidManifest.xml reason: use-sdk injection requested
MERGED from [com.sa90.materialarcmenu:library:1.4] AndroidManifest.xml:7:5-9:41
MERGED from [com.android.support:design:23.1.1] AndroidManifest.xml:20:5-43
MERGED from [com.android.support:appcompat-v7:23.4.0] AndroidManifest.xml:21:5-23:78
MERGED from [com.android.support:animated-vector-drawable:23.4.0] AndroidManifest.xml:5:5-44
MERGED from [com.android.support:support-vector-drawable:23.4.0] AndroidManifest.xml:5:5-43
MERGED from [com.android.support:support-v4:23.4.0] AndroidManifest.xml:20:5-43
MERGED from [com.android.support:recyclerview-v7:23.4.0] AndroidManifest.xml:20:5-43
MERGED from [com.android.support:cardview-v7:23.1.1] AndroidManifest.xml:20:5-43
MERGED from [com.kyleduo.switchbutton:library:1.4.0] AndroidManifest.xml:8:5-10:41
MERGED from [com.github.paolorotolo:appintro:3.4.0] AndroidManifest.xml:7:5-9:41
MERGED from [com.roughike:swipe-selector:1.0.6] AndroidManifest.xml:7:5-9:41
MERGED from [com.pavelsikun:material-seekbar-preference:2.3.0] AndroidManifest.xml:8:5-10:41
MERGED from [com.android.support:preference-v7:23.4.0] AndroidManifest.xml:7:5-43
MERGED from [com.karumi:dexter:2.2.2] AndroidManifest.xml:22:5-24:41
	tools:overrideLibrary
		ADDED from [com.android.support:appcompat-v7:23.4.0] AndroidManifest.xml:23:9-75
	android:targetSdkVersion
		INJECTED from src/main/AndroidManifest.xml
		INJECTED from src/main/AndroidManifest.xml
	android:minSdkVersion
		INJECTED from src/main/AndroidManifest.xml
		INJECTED from src/main/AndroidManifest.xml
activity#com.karumi.dexter.DexterActivity
ADDED from [com.karumi:dexter:2.2.2] AndroidManifest.xml:27:9-30:56
	android:launchMode
		ADDED from [com.karumi:dexter:2.2.2] AndroidManifest.xml:29:13-44
	android:theme
		ADDED from [com.karumi:dexter:2.2.2] AndroidManifest.xml:30:13-53
	android:name
		ADDED from [com.karumi:dexter:2.2.2] AndroidManifest.xml:28:13-60